<?xml version="1.0" ?>
<!DOCTYPE coverage SYSTEM "http://cobertura.sourceforge.net/xml/coverage-04.dtd">
<coverage lines-valid="117"  lines-covered="109"  line-rate="0.9316"  branches-valid="56"  branches-covered="38"  branch-rate="0.6786"  timestamp="1449527238288" complexity="0" version="0.1">
<sources>
	<source>/Users/home/Stash/pattern-js-optimization</source>
</sources>
<packages>
	<package name="dist"  line-rate="0.9316"  branch-rate="0.6786" >
	<classes>
		<class name="pattern.js"  filename="dist/pattern.js"  line-rate="0.9316"  branch-rate="0.6786" >
		<methods>
			<method name="(anonymous_1)"  hits="1"  signature="()V" >
				<lines><line number="1"  hits="1" /></lines>
			</method>
			<method name="(anonymous_2)"  hits="1"  signature="()V" >
				<lines><line number="1"  hits="1" /></lines>
			</method>
			<method name="(anonymous_3)"  hits="0"  signature="()V" >
				<lines><line number="7"  hits="0" /></lines>
			</method>
			<method name="(anonymous_4)"  hits="33"  signature="()V" >
				<lines><line number="9"  hits="33" /></lines>
			</method>
			<method name="(anonymous_5)"  hits="29"  signature="()V" >
				<lines><line number="15"  hits="29" /></lines>
			</method>
			<method name="(anonymous_6)"  hits="10"  signature="()V" >
				<lines><line number="21"  hits="10" /></lines>
			</method>
			<method name="(anonymous_7)"  hits="22"  signature="()V" >
				<lines><line number="27"  hits="22" /></lines>
			</method>
			<method name="(anonymous_8)"  hits="2"  signature="()V" >
				<lines><line number="33"  hits="2" /></lines>
			</method>
			<method name="(anonymous_9)"  hits="3"  signature="()V" >
				<lines><line number="39"  hits="3" /></lines>
			</method>
			<method name="(anonymous_10)"  hits="1"  signature="()V" >
				<lines><line number="51"  hits="1" /></lines>
			</method>
			<method name="(anonymous_11)"  hits="1"  signature="()V" >
				<lines><line number="69"  hits="1" /></lines>
			</method>
			<method name="(anonymous_12)"  hits="1"  signature="()V" >
				<lines><line number="105"  hits="1" /></lines>
			</method>
			<method name="(anonymous_13)"  hits="2"  signature="()V" >
				<lines><line number="111"  hits="2" /></lines>
			</method>
			<method name="(anonymous_14)"  hits="1"  signature="()V" >
				<lines><line number="133"  hits="1" /></lines>
			</method>
			<method name="(anonymous_15)"  hits="1"  signature="()V" >
				<lines><line number="157"  hits="1" /></lines>
			</method>
			<method name="(anonymous_16)"  hits="2"  signature="()V" >
				<lines><line number="179"  hits="2" /></lines>
			</method>
			<method name="(anonymous_17)"  hits="2"  signature="()V" >
				<lines><line number="190"  hits="2" /></lines>
			</method>
			<method name="(anonymous_18)"  hits="2"  signature="()V" >
				<lines><line number="197"  hits="2" /></lines>
			</method>
			<method name="(anonymous_19)"  hits="1"  signature="()V" >
				<lines><line number="213"  hits="1" /></lines>
			</method>
			<method name="(anonymous_20)"  hits="2"  signature="()V" >
				<lines><line number="219"  hits="2" /></lines>
			</method>
			<method name="(anonymous_21)"  hits="1"  signature="()V" >
				<lines><line number="231"  hits="1" /></lines>
			</method>
			<method name="(anonymous_22)"  hits="1"  signature="()V" >
				<lines><line number="249"  hits="1" /></lines>
			</method>
			<method name="(anonymous_23)"  hits="11"  signature="()V" >
				<lines><line number="283"  hits="11" /></lines>
			</method>
			<method name="(anonymous_24)"  hits="33"  signature="()V" >
				<lines><line number="321"  hits="33" /></lines>
			</method>
			<method name="(anonymous_25)"  hits="11"  signature="()V" >
				<lines><line number="344"  hits="11" /></lines>
			</method>
			<method name="(anonymous_26)"  hits="11"  signature="()V" >
				<lines><line number="366"  hits="11" /></lines>
			</method>
			<method name="(anonymous_27)"  hits="11"  signature="()V" >
				<lines><line number="386"  hits="11" /></lines>
			</method>
			<method name="(anonymous_28)"  hits="13"  signature="()V" >
				<lines><line number="413"  hits="13" /></lines>
			</method>
			<method name="(anonymous_29)"  hits="0"  signature="()V" >
				<lines><line number="426"  hits="0" /></lines>
			</method>
			<method name="(anonymous_30)"  hits="13"  signature="()V" >
				<lines><line number="437"  hits="13" /></lines>
			</method>
			<method name="(anonymous_31)"  hits="2"  signature="()V" >
				<lines><line number="448"  hits="2" /></lines>
			</method>
		</methods>
		<lines>
			<line number="1"  hits="1"  branch="true"  condition-coverage="100% (2/2)" />
			<line number="11"  hits="33"  branch="false" />
			<line number="17"  hits="29"  branch="false" />
			<line number="23"  hits="10"  branch="false" />
			<line number="29"  hits="22"  branch="false" />
			<line number="33"  hits="1"  branch="false" />
			<line number="35"  hits="2"  branch="false" />
			<line number="37"  hits="2"  branch="false" />
			<line number="41"  hits="3"  branch="true"  condition-coverage="50% (1/2)" />
			<line number="43"  hits="3"  branch="false" />
			<line number="47"  hits="3"  branch="false" />
			<line number="53"  hits="1"  branch="false" />
			<line number="55"  hits="1"  branch="false" />
			<line number="57"  hits="1"  branch="true"  condition-coverage="50% (1/2)" />
			<line number="59"  hits="1"  branch="false" />
			<line number="65"  hits="1"  branch="false" />
			<line number="71"  hits="1"  branch="false" />
			<line number="75"  hits="1"  branch="false" />
			<line number="77"  hits="2"  branch="false" />
			<line number="79"  hits="2"  branch="true"  condition-coverage="50% (1/2)" />
			<line number="81"  hits="2"  branch="false" />
			<line number="85"  hits="0"  branch="false" />
			<line number="91"  hits="1"  branch="false" />
			<line number="93"  hits="1"  branch="false" />
			<line number="95"  hits="0"  branch="false" />
			<line number="105"  hits="1"  branch="false" />
			<line number="107"  hits="1"  branch="false" />
			<line number="109"  hits="1"  branch="true"  condition-coverage="50% (1/2)" />
			<line number="111"  hits="1"  branch="false" />
			<line number="113"  hits="2"  branch="true"  condition-coverage="75% (3/4)" />
			<line number="115"  hits="0"  branch="false" />
			<line number="119"  hits="2"  branch="false" />
			<line number="121"  hits="2"  branch="false" />
			<line number="123"  hits="2"  branch="true"  condition-coverage="50% (1/2)" />
			<line number="125"  hits="0"  branch="false" />
			<line number="129"  hits="2"  branch="false" />
			<line number="133"  hits="1"  branch="false" />
			<line number="135"  hits="1"  branch="false" />
			<line number="137"  hits="1"  branch="true"  condition-coverage="50% (1/2)" />
			<line number="139"  hits="1"  branch="false" />
			<line number="141"  hits="1"  branch="true"  condition-coverage="50% (1/2)" />
			<line number="143"  hits="0"  branch="false" />
			<line number="147"  hits="1"  branch="false" />
			<line number="153"  hits="1"  branch="false" />
			<line number="157"  hits="1"  branch="false" />
			<line number="159"  hits="1"  branch="false" />
			<line number="161"  hits="1"  branch="false" />
			<line number="163"  hits="1"  branch="false" />
			<line number="169"  hits="1"  branch="false" />
			<line number="179"  hits="1"  branch="false" />
			<line number="181"  hits="2"  branch="true"  condition-coverage="50% (1/2)" />
			<line number="190"  hits="2"  branch="false" />
			<line number="192"  hits="2"  branch="false" />
			<line number="194"  hits="2"  branch="true"  condition-coverage="50% (1/2)" />
			<line number="197"  hits="2"  branch="false" />
			<line number="199"  hits="2"  branch="false" />
			<line number="205"  hits="2"  branch="false" />
			<line number="209"  hits="2"  branch="false" />
			<line number="213"  hits="1"  branch="false" />
			<line number="215"  hits="1"  branch="false" />
			<line number="217"  hits="1"  branch="true"  condition-coverage="50% (1/2)" />
			<line number="219"  hits="1"  branch="false" />
			<line number="221"  hits="2"  branch="true"  condition-coverage="50% (1/2)" />
			<line number="223"  hits="2"  branch="false" />
			<line number="227"  hits="2"  branch="false" />
			<line number="231"  hits="1"  branch="false" />
			<line number="233"  hits="1"  branch="false" />
			<line number="235"  hits="1"  branch="true"  condition-coverage="50% (1/2)" />
			<line number="237"  hits="1"  branch="false" />
			<line number="239"  hits="1"  branch="false" />
			<line number="245"  hits="1"  branch="false" />
			<line number="249"  hits="1"  branch="false" />
			<line number="251"  hits="1"  branch="false" />
			<line number="253"  hits="1"  branch="false" />
			<line number="255"  hits="1"  branch="true"  condition-coverage="50% (1/2)" />
			<line number="257"  hits="1"  branch="false" />
			<line number="269"  hits="1"  branch="false" />
			<line number="273"  hits="1"  branch="false" />
			<line number="283"  hits="1"  branch="false" />
			<line number="285"  hits="11"  branch="false" />
			<line number="291"  hits="11"  branch="true"  condition-coverage="100% (6/6)" />
			<line number="296"  hits="1"  branch="false" />
			<line number="300"  hits="10"  branch="false" />
			<line number="302"  hits="10"  branch="true"  condition-coverage="50% (1/2)" />
			<line number="304"  hits="10"  branch="false" />
			<line number="308"  hits="10"  branch="true"  condition-coverage="75% (3/4)" />
			<line number="310"  hits="10"  branch="false" />
			<line number="314"  hits="10"  branch="false" />
			<line number="323"  hits="33"  branch="true"  condition-coverage="100% (4/4)" />
			<line number="325"  hits="1"  branch="false" />
			<line number="327"  hits="1"  branch="false" />
			<line number="331"  hits="32"  branch="false" />
			<line number="333"  hits="32"  branch="false" />
			<line number="346"  hits="11"  branch="true"  condition-coverage="75% (3/4)" />
			<line number="348"  hits="0"  branch="false" />
			<line number="350"  hits="0"  branch="false" />
			<line number="354"  hits="11"  branch="false" />
			<line number="356"  hits="11"  branch="false" />
			<line number="368"  hits="11"  branch="false" />
			<line number="370"  hits="11"  branch="true"  condition-coverage="50% (1/2)" />
			<line number="372"  hits="11"  branch="false" />
			<line number="373"  hits="11"  branch="false" />
			<line number="377"  hits="11"  branch="false" />
			<line number="388"  hits="11"  branch="false" />
			<line number="390"  hits="11"  branch="false" />
			<line number="392"  hits="23"  branch="true"  condition-coverage="100% (2/2)" />
			<line number="394"  hits="12"  branch="false" />
			<line number="398"  hits="11"  branch="false" />
			<line number="404"  hits="11"  branch="false" />
			<line number="415"  hits="13"  branch="false" />
			<line number="417"  hits="13"  branch="false" />
			<line number="428"  hits="0"  branch="false" />
			<line number="439"  hits="13"  branch="false" />
			<line number="450"  hits="2"  branch="false" />
			<line number="451"  hits="2"  branch="false" />
			<line number="453"  hits="2"  branch="false" />
			<line number="459"  hits="1"  branch="false" />
		</lines>
		</class>
	</classes>
	</package>
</packages>
</coverage>
