<?xml version="1.0" ?>
<!DOCTYPE coverage SYSTEM "http://cobertura.sourceforge.net/xml/coverage-04.dtd">
<coverage lines-valid="147"  lines-covered="107"  line-rate="0.7279000000000001"  branches-valid="60"  branches-covered="35"  branch-rate="0.5832999999999999"  timestamp="1449554092089" complexity="0" version="0.1">
<sources>
	<source>/Users/home/Stash/pattern-js-optimization</source>
</sources>
<packages>
	<package name="dist"  line-rate="0.7279000000000001"  branch-rate="0.5832999999999999" >
	<classes>
		<class name="pattern.js"  filename="dist/pattern.js"  line-rate="0.7279000000000001"  branch-rate="0.5832999999999999" >
		<methods>
			<method name="(anonymous_1)"  hits="1"  signature="()V" >
				<lines><line number="1"  hits="1" /></lines>
			</method>
			<method name="(anonymous_2)"  hits="1"  signature="()V" >
				<lines><line number="1"  hits="1" /></lines>
			</method>
			<method name="(anonymous_3)"  hits="0"  signature="()V" >
				<lines><line number="7"  hits="0" /></lines>
			</method>
			<method name="(anonymous_4)"  hits="39"  signature="()V" >
				<lines><line number="9"  hits="39" /></lines>
			</method>
			<method name="(anonymous_5)"  hits="29"  signature="()V" >
				<lines><line number="15"  hits="29" /></lines>
			</method>
			<method name="(anonymous_6)"  hits="10"  signature="()V" >
				<lines><line number="21"  hits="10" /></lines>
			</method>
			<method name="(anonymous_7)"  hits="22"  signature="()V" >
				<lines><line number="27"  hits="22" /></lines>
			</method>
			<method name="(anonymous_8)"  hits="4"  signature="()V" >
				<lines><line number="33"  hits="4" /></lines>
			</method>
			<method name="(anonymous_9)"  hits="4"  signature="()V" >
				<lines><line number="43"  hits="4" /></lines>
			</method>
			<method name="(anonymous_10)"  hits="3"  signature="()V" >
				<lines><line number="49"  hits="3" /></lines>
			</method>
			<method name="(anonymous_11)"  hits="3"  signature="()V" >
				<lines><line number="51"  hits="3" /></lines>
			</method>
			<method name="(anonymous_12)"  hits="3"  signature="()V" >
				<lines><line number="59"  hits="3" /></lines>
			</method>
			<method name="(anonymous_13)"  hits="2"  signature="()V" >
				<lines><line number="83"  hits="2" /></lines>
			</method>
			<method name="(anonymous_14)"  hits="3"  signature="()V" >
				<lines><line number="89"  hits="3" /></lines>
			</method>
			<method name="(anonymous_15)"  hits="1"  signature="()V" >
				<lines><line number="101"  hits="1" /></lines>
			</method>
			<method name="(anonymous_16)"  hits="1"  signature="()V" >
				<lines><line number="109"  hits="1" /></lines>
			</method>
			<method name="(anonymous_17)"  hits="0"  signature="()V" >
				<lines><line number="137"  hits="0" /></lines>
			</method>
			<method name="(anonymous_18)"  hits="0"  signature="()V" >
				<lines><line number="143"  hits="0" /></lines>
			</method>
			<method name="(anonymous_19)"  hits="0"  signature="()V" >
				<lines><line number="155"  hits="0" /></lines>
			</method>
			<method name="(anonymous_20)"  hits="0"  signature="()V" >
				<lines><line number="163"  hits="0" /></lines>
			</method>
			<method name="(anonymous_21)"  hits="0"  signature="()V" >
				<lines><line number="181"  hits="0" /></lines>
			</method>
			<method name="(anonymous_22)"  hits="0"  signature="()V" >
				<lines><line number="187"  hits="0" /></lines>
			</method>
			<method name="(anonymous_23)"  hits="0"  signature="()V" >
				<lines><line number="201"  hits="0" /></lines>
			</method>
			<method name="(anonymous_24)"  hits="0"  signature="()V" >
				<lines><line number="209"  hits="0" /></lines>
			</method>
			<method name="(anonymous_25)"  hits="0"  signature="()V" >
				<lines><line number="217"  hits="0" /></lines>
			</method>
			<method name="(anonymous_26)"  hits="1"  signature="()V" >
				<lines><line number="244"  hits="1" /></lines>
			</method>
			<method name="(anonymous_27)"  hits="2"  signature="()V" >
				<lines><line number="250"  hits="2" /></lines>
			</method>
			<method name="(anonymous_28)"  hits="1"  signature="()V" >
				<lines><line number="272"  hits="1" /></lines>
			</method>
			<method name="(anonymous_29)"  hits="1"  signature="()V" >
				<lines><line number="280"  hits="1" /></lines>
			</method>
			<method name="(anonymous_30)"  hits="2"  signature="()V" >
				<lines><line number="302"  hits="2" /></lines>
			</method>
			<method name="(anonymous_31)"  hits="2"  signature="()V" >
				<lines><line number="313"  hits="2" /></lines>
			</method>
			<method name="(anonymous_32)"  hits="1"  signature="()V" >
				<lines><line number="333"  hits="1" /></lines>
			</method>
			<method name="(anonymous_33)"  hits="2"  signature="()V" >
				<lines><line number="339"  hits="2" /></lines>
			</method>
			<method name="(anonymous_34)"  hits="1"  signature="()V" >
				<lines><line number="351"  hits="1" /></lines>
			</method>
			<method name="(anonymous_35)"  hits="1"  signature="()V" >
				<lines><line number="359"  hits="1" /></lines>
			</method>
			<method name="(anonymous_36)"  hits="11"  signature="()V" >
				<lines><line number="389"  hits="11" /></lines>
			</method>
			<method name="(anonymous_37)"  hits="33"  signature="()V" >
				<lines><line number="427"  hits="33" /></lines>
			</method>
			<method name="(anonymous_38)"  hits="11"  signature="()V" >
				<lines><line number="450"  hits="11" /></lines>
			</method>
			<method name="(anonymous_39)"  hits="11"  signature="()V" >
				<lines><line number="472"  hits="11" /></lines>
			</method>
			<method name="(anonymous_40)"  hits="11"  signature="()V" >
				<lines><line number="492"  hits="11" /></lines>
			</method>
			<method name="(anonymous_41)"  hits="13"  signature="()V" >
				<lines><line number="519"  hits="13" /></lines>
			</method>
			<method name="(anonymous_42)"  hits="0"  signature="()V" >
				<lines><line number="532"  hits="0" /></lines>
			</method>
			<method name="(anonymous_43)"  hits="13"  signature="()V" >
				<lines><line number="543"  hits="13" /></lines>
			</method>
			<method name="(anonymous_44)"  hits="2"  signature="()V" >
				<lines><line number="554"  hits="2" /></lines>
			</method>
		</methods>
		<lines>
			<line number="1"  hits="1"  branch="true"  condition-coverage="100% (2/2)" />
			<line number="11"  hits="39"  branch="false" />
			<line number="17"  hits="29"  branch="false" />
			<line number="23"  hits="10"  branch="false" />
			<line number="29"  hits="22"  branch="false" />
			<line number="35"  hits="4"  branch="true"  condition-coverage="50% (1/2)" />
			<line number="37"  hits="0"  branch="false" />
			<line number="45"  hits="4"  branch="true"  condition-coverage="50% (1/2)" />
			<line number="51"  hits="3"  branch="false" />
			<line number="53"  hits="3"  branch="false" />
			<line number="61"  hits="3"  branch="false" />
			<line number="63"  hits="3"  branch="true"  condition-coverage="50% (1/2)" />
			<line number="65"  hits="3"  branch="false" />
			<line number="67"  hits="3"  branch="true"  condition-coverage="50% (1/2)" />
			<line number="69"  hits="0"  branch="false" />
			<line number="73"  hits="3"  branch="false" />
			<line number="79"  hits="3"  branch="false" />
			<line number="83"  hits="1"  branch="false" />
			<line number="85"  hits="2"  branch="false" />
			<line number="87"  hits="2"  branch="false" />
			<line number="91"  hits="3"  branch="true"  condition-coverage="50% (1/2)" />
			<line number="93"  hits="3"  branch="false" />
			<line number="97"  hits="3"  branch="false" />
			<line number="103"  hits="1"  branch="false" />
			<line number="105"  hits="1"  branch="false" />
			<line number="111"  hits="1"  branch="false" />
			<line number="115"  hits="1"  branch="false" />
			<line number="117"  hits="2"  branch="false" />
			<line number="119"  hits="2"  branch="true"  condition-coverage="50% (1/2)" />
			<line number="121"  hits="2"  branch="false" />
			<line number="125"  hits="0"  branch="false" />
			<line number="137"  hits="1"  branch="false" />
			<line number="139"  hits="0"  branch="false" />
			<line number="143"  hits="0"  branch="false" />
			<line number="145"  hits="0"  branch="true"  condition-coverage="0% (0/2)" />
			<line number="147"  hits="0"  branch="false" />
			<line number="151"  hits="0"  branch="false" />
			<line number="155"  hits="0"  branch="false" />
			<line number="157"  hits="0"  branch="false" />
			<line number="159"  hits="0"  branch="false" />
			<line number="163"  hits="0"  branch="false" />
			<line number="165"  hits="0"  branch="false" />
			<line number="167"  hits="0"  branch="false" />
			<line number="171"  hits="0"  branch="false" />
			<line number="175"  hits="0"  branch="false" />
			<line number="177"  hits="0"  branch="false" />
			<line number="181"  hits="1"  branch="false" />
			<line number="183"  hits="0"  branch="false" />
			<line number="189"  hits="0"  branch="true"  condition-coverage="0% (0/4)" />
			<line number="191"  hits="0"  branch="false" />
			<line number="195"  hits="0"  branch="false" />
			<line number="201"  hits="0"  branch="false" />
			<line number="203"  hits="0"  branch="false" />
			<line number="205"  hits="0"  branch="false" />
			<line number="209"  hits="0"  branch="false" />
			<line number="211"  hits="0"  branch="false" />
			<line number="213"  hits="0"  branch="false" />
			<line number="217"  hits="0"  branch="false" />
			<line number="219"  hits="0"  branch="true"  condition-coverage="0% (0/2)" />
			<line number="221"  hits="0"  branch="false" />
			<line number="223"  hits="0"  branch="false" />
			<line number="227"  hits="0"  branch="true"  condition-coverage="0% (0/2)" />
			<line number="229"  hits="0"  branch="false" />
			<line number="235"  hits="0"  branch="false" />
			<line number="237"  hits="0"  branch="false" />
			<line number="244"  hits="1"  branch="false" />
			<line number="246"  hits="1"  branch="false" />
			<line number="250"  hits="1"  branch="false" />
			<line number="252"  hits="2"  branch="true"  condition-coverage="75% (3/4)" />
			<line number="254"  hits="0"  branch="false" />
			<line number="258"  hits="2"  branch="false" />
			<line number="260"  hits="2"  branch="false" />
			<line number="262"  hits="2"  branch="true"  condition-coverage="50% (1/2)" />
			<line number="264"  hits="0"  branch="false" />
			<line number="268"  hits="2"  branch="false" />
			<line number="272"  hits="1"  branch="false" />
			<line number="274"  hits="1"  branch="false" />
			<line number="276"  hits="1"  branch="false" />
			<line number="280"  hits="1"  branch="false" />
			<line number="282"  hits="1"  branch="false" />
			<line number="284"  hits="1"  branch="false" />
			<line number="290"  hits="1"  branch="false" />
			<line number="292"  hits="1"  branch="false" />
			<line number="302"  hits="1"  branch="false" />
			<line number="304"  hits="2"  branch="false" />
			<line number="313"  hits="2"  branch="false" />
			<line number="317"  hits="2"  branch="true"  condition-coverage="50% (1/2)" />
			<line number="319"  hits="2"  branch="false" />
			<line number="323"  hits="2"  branch="false" />
			<line number="327"  hits="2"  branch="false" />
			<line number="329"  hits="2"  branch="false" />
			<line number="333"  hits="1"  branch="false" />
			<line number="335"  hits="1"  branch="false" />
			<line number="339"  hits="1"  branch="false" />
			<line number="341"  hits="2"  branch="true"  condition-coverage="50% (1/2)" />
			<line number="343"  hits="2"  branch="false" />
			<line number="347"  hits="2"  branch="false" />
			<line number="351"  hits="1"  branch="false" />
			<line number="353"  hits="1"  branch="false" />
			<line number="355"  hits="1"  branch="false" />
			<line number="359"  hits="1"  branch="false" />
			<line number="361"  hits="1"  branch="false" />
			<line number="363"  hits="1"  branch="false" />
			<line number="365"  hits="1"  branch="true"  condition-coverage="50% (1/2)" />
			<line number="367"  hits="1"  branch="false" />
			<line number="373"  hits="1"  branch="false" />
			<line number="377"  hits="1"  branch="false" />
			<line number="379"  hits="1"  branch="false" />
			<line number="389"  hits="1"  branch="false" />
			<line number="391"  hits="11"  branch="false" />
			<line number="397"  hits="11"  branch="true"  condition-coverage="100% (6/6)" />
			<line number="402"  hits="1"  branch="false" />
			<line number="406"  hits="10"  branch="false" />
			<line number="408"  hits="10"  branch="true"  condition-coverage="50% (1/2)" />
			<line number="410"  hits="10"  branch="false" />
			<line number="414"  hits="10"  branch="true"  condition-coverage="75% (3/4)" />
			<line number="416"  hits="10"  branch="false" />
			<line number="420"  hits="10"  branch="false" />
			<line number="429"  hits="33"  branch="true"  condition-coverage="100% (4/4)" />
			<line number="431"  hits="1"  branch="false" />
			<line number="433"  hits="1"  branch="false" />
			<line number="437"  hits="32"  branch="false" />
			<line number="439"  hits="32"  branch="false" />
			<line number="452"  hits="11"  branch="true"  condition-coverage="75% (3/4)" />
			<line number="454"  hits="0"  branch="false" />
			<line number="456"  hits="0"  branch="false" />
			<line number="460"  hits="11"  branch="false" />
			<line number="462"  hits="11"  branch="false" />
			<line number="474"  hits="11"  branch="false" />
			<line number="476"  hits="11"  branch="true"  condition-coverage="50% (1/2)" />
			<line number="478"  hits="11"  branch="false" />
			<line number="479"  hits="11"  branch="false" />
			<line number="483"  hits="11"  branch="false" />
			<line number="494"  hits="11"  branch="false" />
			<line number="496"  hits="11"  branch="false" />
			<line number="498"  hits="23"  branch="true"  condition-coverage="100% (2/2)" />
			<line number="500"  hits="12"  branch="false" />
			<line number="504"  hits="11"  branch="false" />
			<line number="510"  hits="11"  branch="false" />
			<line number="521"  hits="13"  branch="false" />
			<line number="523"  hits="13"  branch="false" />
			<line number="534"  hits="0"  branch="false" />
			<line number="545"  hits="13"  branch="false" />
			<line number="556"  hits="2"  branch="false" />
			<line number="557"  hits="2"  branch="false" />
			<line number="559"  hits="2"  branch="false" />
			<line number="565"  hits="1"  branch="false" />
		</lines>
		</class>
	</classes>
	</package>
</packages>
</coverage>
